{"C:\\Users\\AlexChu\\projecteve\\sprint3eve\\server\\app.js": {"path":"C:\\Users\\AlexChu\\projecteve\\sprint3eve\\server\\app.js","statementMap":{"0":{"start":{"line":1,"column":16},"end":{"line":1,"column":34}},"1":{"start":{"line":2,"column":13},"end":{"line":2,"column":28}},"2":{"start":{"line":3,"column":19},"end":{"line":3,"column":41}},"3":{"start":{"line":4,"column":13},"end":{"line":4,"column":28}},"4":{"start":{"line":5,"column":15},"end":{"line":5,"column":32}},"5":{"start":{"line":6,"column":17},"end":{"line":6,"column":36}},"6":{"start":{"line":7,"column":16},"end":{"line":7,"column":36}},"7":{"start":{"line":8,"column":11},"end":{"line":8,"column":24}},"8":{"start":{"line":9,"column":13},"end":{"line":9,"column":30}},"9":{"start":{"line":11,"column":0},"end":{"line":11,"column":16}},"10":{"start":{"line":12,"column":12},"end":{"line":12,"column":21}},"11":{"start":{"line":16,"column":2},"end":{"line":16,"column":85}},"12":{"start":{"line":17,"column":16},"end":{"line":19,"column":1}},"13":{"start":{"line":21,"column":0},"end":{"line":21,"column":34}},"14":{"start":{"line":22,"column":0},"end":{"line":22,"column":51}},"15":{"start":{"line":23,"column":0},"end":{"line":23,"column":27}},"16":{"start":{"line":24,"column":0},"end":{"line":24,"column":16}},"17":{"start":{"line":27,"column":13},"end":{"line":27,"column":50}},"18":{"start":{"line":28,"column":26},"end":{"line":28,"column":69}},"19":{"start":{"line":32,"column":0},"end":{"line":35,"column":1}},"20":{"start":{"line":33,"column":4},"end":{"line":33,"column":63}},"21":{"start":{"line":34,"column":4},"end":{"line":34,"column":44}},"22":{"start":{"line":38,"column":0},"end":{"line":81,"column":3}},"23":{"start":{"line":39,"column":2},"end":{"line":79,"column":3}},"24":{"start":{"line":40,"column":22},"end":{"line":40,"column":41}},"25":{"start":{"line":41,"column":22},"end":{"line":41,"column":41}},"26":{"start":{"line":42,"column":4},"end":{"line":42,"column":27}},"27":{"start":{"line":43,"column":4},"end":{"line":43,"column":27}},"28":{"start":{"line":46,"column":4},"end":{"line":74,"column":5}},"29":{"start":{"line":47,"column":19},"end":{"line":47,"column":53}},"30":{"start":{"line":48,"column":8},"end":{"line":48,"column":38}},"31":{"start":{"line":49,"column":8},"end":{"line":49,"column":26}},"32":{"start":{"line":59,"column":8},"end":{"line":64,"column":9}},"33":{"start":{"line":60,"column":12},"end":{"line":60,"column":54}},"34":{"start":{"line":63,"column":12},"end":{"line":63,"column":37}},"35":{"start":{"line":69,"column":8},"end":{"line":69,"column":34}},"36":{"start":{"line":70,"column":8},"end":{"line":70,"column":40}},"37":{"start":{"line":73,"column":8},"end":{"line":73,"column":37}},"38":{"start":{"line":78,"column":4},"end":{"line":78,"column":48}},"39":{"start":{"line":80,"column":2},"end":{"line":80,"column":12}},"40":{"start":{"line":83,"column":0},"end":{"line":115,"column":3}},"41":{"start":{"line":84,"column":2},"end":{"line":84,"column":31}},"42":{"start":{"line":85,"column":20},"end":{"line":85,"column":39}},"43":{"start":{"line":86,"column":20},"end":{"line":86,"column":39}},"44":{"start":{"line":94,"column":13},"end":{"line":94,"column":53}},"45":{"start":{"line":95,"column":2},"end":{"line":95,"column":20}},"46":{"start":{"line":96,"column":2},"end":{"line":96,"column":45}},"47":{"start":{"line":98,"column":2},"end":{"line":98,"column":21}},"48":{"start":{"line":99,"column":2},"end":{"line":99,"column":20}},"49":{"start":{"line":107,"column":2},"end":{"line":109,"column":4}},"50":{"start":{"line":108,"column":4},"end":{"line":108,"column":68}},"51":{"start":{"line":108,"column":13},"end":{"line":108,"column":68}},"52":{"start":{"line":114,"column":2},"end":{"line":114,"column":12}},"53":{"start":{"line":118,"column":0},"end":{"line":123,"column":3}},"54":{"start":{"line":119,"column":16},"end":{"line":121,"column":3}},"55":{"start":{"line":122,"column":2},"end":{"line":122,"column":32}},"56":{"start":{"line":125,"column":0},"end":{"line":131,"column":3}},"57":{"start":{"line":126,"column":2},"end":{"line":129,"column":4}},"58":{"start":{"line":130,"column":2},"end":{"line":130,"column":12}},"59":{"start":{"line":134,"column":0},"end":{"line":150,"column":3}},"60":{"start":{"line":135,"column":2},"end":{"line":149,"column":3}},"61":{"start":{"line":136,"column":17},"end":{"line":136,"column":45}},"62":{"start":{"line":137,"column":29},"end":{"line":137,"column":48}},"63":{"start":{"line":138,"column":4},"end":{"line":146,"column":5}},"64":{"start":{"line":139,"column":6},"end":{"line":142,"column":9}},"65":{"start":{"line":143,"column":6},"end":{"line":143,"column":32}},"66":{"start":{"line":145,"column":6},"end":{"line":145,"column":16}},"67":{"start":{"line":148,"column":4},"end":{"line":148,"column":45}},"68":{"start":{"line":152,"column":0},"end":{"line":156,"column":3}},"69":{"start":{"line":154,"column":4},"end":{"line":154,"column":67}},"70":{"start":{"line":155,"column":2},"end":{"line":155,"column":63}},"71":{"start":{"line":158,"column":0},"end":{"line":158,"column":21}}},"fnMap":{"0":{"name":"(anonymous_0)","decl":{"start":{"line":38,"column":18},"end":{"line":38,"column":19}},"loc":{"start":{"line":38,"column":37},"end":{"line":81,"column":1}},"line":38},"1":{"name":"(anonymous_1)","decl":{"start":{"line":83,"column":19},"end":{"line":83,"column":20}},"loc":{"start":{"line":83,"column":38},"end":{"line":115,"column":1}},"line":83},"2":{"name":"(anonymous_2)","decl":{"start":{"line":107,"column":50},"end":{"line":107,"column":51}},"loc":{"start":{"line":107,"column":65},"end":{"line":109,"column":3}},"line":107},"3":{"name":"(anonymous_3)","decl":{"start":{"line":118,"column":21},"end":{"line":118,"column":22}},"loc":{"start":{"line":118,"column":40},"end":{"line":123,"column":1}},"line":118},"4":{"name":"(anonymous_4)","decl":{"start":{"line":125,"column":22},"end":{"line":125,"column":23}},"loc":{"start":{"line":125,"column":41},"end":{"line":131,"column":1}},"line":125},"5":{"name":"(anonymous_5)","decl":{"start":{"line":134,"column":20},"end":{"line":134,"column":21}},"loc":{"start":{"line":134,"column":40},"end":{"line":150,"column":1}},"line":134},"6":{"name":"(anonymous_6)","decl":{"start":{"line":152,"column":13},"end":{"line":152,"column":14}},"loc":{"start":{"line":152,"column":27},"end":{"line":156,"column":1}},"line":152}},"branchMap":{"0":{"loc":{"start":{"line":28,"column":26},"end":{"line":28,"column":69}},"type":"cond-expr","locations":[{"start":{"line":28,"column":33},"end":{"line":28,"column":50}},{"start":{"line":28,"column":53},"end":{"line":28,"column":69}}],"line":28},"1":{"loc":{"start":{"line":32,"column":0},"end":{"line":35,"column":1}},"type":"if","locations":[{"start":{"line":32,"column":0},"end":{"line":35,"column":1}},{"start":{"line":32,"column":0},"end":{"line":35,"column":1}}],"line":32},"2":{"loc":{"start":{"line":46,"column":4},"end":{"line":74,"column":5}},"type":"if","locations":[{"start":{"line":46,"column":4},"end":{"line":74,"column":5}},{"start":{"line":46,"column":4},"end":{"line":74,"column":5}}],"line":46},"3":{"loc":{"start":{"line":59,"column":8},"end":{"line":64,"column":9}},"type":"if","locations":[{"start":{"line":59,"column":8},"end":{"line":64,"column":9}},{"start":{"line":59,"column":8},"end":{"line":64,"column":9}}],"line":59},"4":{"loc":{"start":{"line":59,"column":12},"end":{"line":59,"column":61}},"type":"binary-expr","locations":[{"start":{"line":59,"column":12},"end":{"line":59,"column":16}},{"start":{"line":59,"column":20},"end":{"line":59,"column":29}},{"start":{"line":59,"column":33},"end":{"line":59,"column":42}},{"start":{"line":59,"column":46},"end":{"line":59,"column":61}}],"line":59},"5":{"loc":{"start":{"line":108,"column":4},"end":{"line":108,"column":68}},"type":"if","locations":[{"start":{"line":108,"column":4},"end":{"line":108,"column":68}},{"start":{"line":108,"column":4},"end":{"line":108,"column":68}}],"line":108},"6":{"loc":{"start":{"line":120,"column":4},"end":{"line":120,"column":51}},"type":"cond-expr","locations":[{"start":{"line":120,"column":11},"end":{"line":120,"column":26}},{"start":{"line":120,"column":29},"end":{"line":120,"column":51}}],"line":120},"7":{"loc":{"start":{"line":127,"column":4},"end":{"line":127,"column":51}},"type":"cond-expr","locations":[{"start":{"line":127,"column":11},"end":{"line":127,"column":26}},{"start":{"line":127,"column":29},"end":{"line":127,"column":51}}],"line":127},"8":{"loc":{"start":{"line":138,"column":4},"end":{"line":146,"column":5}},"type":"if","locations":[{"start":{"line":138,"column":4},"end":{"line":146,"column":5}},{"start":{"line":138,"column":4},"end":{"line":146,"column":5}}],"line":138},"9":{"loc":{"start":{"line":154,"column":4},"end":{"line":154,"column":67}},"type":"cond-expr","locations":[{"start":{"line":154,"column":44},"end":{"line":154,"column":53}},{"start":{"line":154,"column":56},"end":{"line":154,"column":67}}],"line":154}},"s":{"0":1,"1":1,"2":1,"3":1,"4":1,"5":1,"6":1,"7":1,"8":1,"9":1,"10":1,"11":1,"12":1,"13":1,"14":1,"15":1,"16":1,"17":1,"18":1,"19":1,"20":0,"21":0,"22":1,"23":3,"24":3,"25":3,"26":3,"27":3,"28":3,"29":3,"30":3,"31":3,"32":3,"33":0,"34":3,"35":3,"36":3,"37":0,"38":0,"39":3,"40":1,"41":0,"42":0,"43":0,"44":0,"45":0,"46":0,"47":0,"48":0,"49":0,"50":0,"51":0,"52":0,"53":1,"54":0,"55":0,"56":1,"57":0,"58":0,"59":1,"60":0,"61":0,"62":0,"63":0,"64":0,"65":0,"66":0,"67":0,"68":1,"69":0,"70":0,"71":1},"f":{"0":3,"1":0,"2":0,"3":0,"4":0,"5":0,"6":0},"b":{"0":[0,1],"1":[0,1],"2":[3,0],"3":[0,3],"4":[3,3,2,2],"5":[0,0],"6":[0,0],"7":[0,0],"8":[0,0],"9":[0,0]},"_coverageSchema":"43e27e138ebf9cfc5966b082cf9a028302ed4184","hash":"adecdb470a44105dc00cd83bd82a63cae2437fa9"}
,"C:\\Users\\AlexChu\\projecteve\\sprint3eve\\server\\cron.js": {"path":"C:\\Users\\AlexChu\\projecteve\\sprint3eve\\server\\cron.js","statementMap":{"0":{"start":{"line":1,"column":16},"end":{"line":1,"column":36}},"1":{"start":{"line":2,"column":16},"end":{"line":2,"column":39}},"2":{"start":{"line":4,"column":0},"end":{"line":16,"column":2}},"3":{"start":{"line":6,"column":4},"end":{"line":14,"column":6}},"4":{"start":{"line":9,"column":8},"end":{"line":9,"column":67}},"5":{"start":{"line":10,"column":8},"end":{"line":10,"column":60}}},"fnMap":{"0":{"name":"(anonymous_0)","decl":{"start":{"line":5,"column":15},"end":{"line":5,"column":16}},"loc":{"start":{"line":5,"column":40},"end":{"line":15,"column":3}},"line":5},"1":{"name":"(anonymous_1)","decl":{"start":{"line":8,"column":6},"end":{"line":8,"column":7}},"loc":{"start":{"line":8,"column":17},"end":{"line":11,"column":7}},"line":8}},"branchMap":{},"s":{"0":1,"1":1,"2":1,"3":0,"4":0,"5":0},"f":{"0":0,"1":0},"b":{},"_coverageSchema":"43e27e138ebf9cfc5966b082cf9a028302ed4184","hash":"6fbba9c516e44c46224337cd3d0383922a23e03a"}
,"C:\\Users\\AlexChu\\projecteve\\sprint3eve\\server\\grafana.js": {"path":"C:\\Users\\AlexChu\\projecteve\\sprint3eve\\server\\grafana.js","statementMap":{"0":{"start":{"line":1,"column":18},"end":{"line":1,"column":38}},"1":{"start":{"line":2,"column":15},"end":{"line":2,"column":32}},"2":{"start":{"line":3,"column":0},"end":{"line":3,"column":16}},"3":{"start":{"line":6,"column":20},"end":{"line":6,"column":63}},"4":{"start":{"line":9,"column":0},"end":{"line":46,"column":2}},"5":{"start":{"line":11,"column":20},"end":{"line":32,"column":10}},"6":{"start":{"line":34,"column":18},"end":{"line":34,"column":33}},"7":{"start":{"line":35,"column":19},"end":{"line":35,"column":34}},"8":{"start":{"line":37,"column":17},"end":{"line":37,"column":40}},"9":{"start":{"line":38,"column":4},"end":{"line":38,"column":67}},"10":{"start":{"line":39,"column":4},"end":{"line":39,"column":46}},"11":{"start":{"line":40,"column":4},"end":{"line":40,"column":61}},"12":{"start":{"line":41,"column":4},"end":{"line":41,"column":56}},"13":{"start":{"line":42,"column":29},"end":{"line":42,"column":52}},"14":{"start":{"line":43,"column":4},"end":{"line":43,"column":26}},"15":{"start":{"line":44,"column":4},"end":{"line":44,"column":28}}},"fnMap":{"0":{"name":"(anonymous_0)","decl":{"start":{"line":10,"column":17},"end":{"line":10,"column":18}},"loc":{"start":{"line":10,"column":43},"end":{"line":45,"column":3}},"line":10}},"branchMap":{"0":{"loc":{"start":{"line":11,"column":20},"end":{"line":32,"column":10}},"type":"cond-expr","locations":[{"start":{"line":12,"column":8},"end":{"line":24,"column":10}},{"start":{"line":25,"column":8},"end":{"line":32,"column":10}}],"line":11},"1":{"loc":{"start":{"line":34,"column":18},"end":{"line":34,"column":33}},"type":"cond-expr","locations":[{"start":{"line":34,"column":25},"end":{"line":34,"column":29}},{"start":{"line":34,"column":32},"end":{"line":34,"column":33}}],"line":34},"2":{"loc":{"start":{"line":35,"column":19},"end":{"line":35,"column":34}},"type":"cond-expr","locations":[{"start":{"line":35,"column":26},"end":{"line":35,"column":30}},{"start":{"line":35,"column":33},"end":{"line":35,"column":34}}],"line":35}},"s":{"0":1,"1":1,"2":1,"3":1,"4":1,"5":0,"6":0,"7":0,"8":0,"9":0,"10":0,"11":0,"12":0,"13":0,"14":0,"15":0},"f":{"0":0},"b":{"0":[0,0],"1":[0,0],"2":[0,0]},"_coverageSchema":"43e27e138ebf9cfc5966b082cf9a028302ed4184","hash":"5b118b920511be60366b579aaf8dc805995b98a2"}
}
