TN:
SF:C:\Users\AlexChu\projecteve\sprint3eve\server\app.js
FN:38,(anonymous_0)
FN:83,(anonymous_1)
FN:107,(anonymous_2)
FN:118,(anonymous_3)
FN:125,(anonymous_4)
FN:134,(anonymous_5)
FN:152,(anonymous_6)
FNF:7
FNH:1
FNDA:3,(anonymous_0)
FNDA:0,(anonymous_1)
FNDA:0,(anonymous_2)
FNDA:0,(anonymous_3)
FNDA:0,(anonymous_4)
FNDA:0,(anonymous_5)
FNDA:0,(anonymous_6)
DA:1,1
DA:2,1
DA:3,1
DA:4,1
DA:5,1
DA:6,1
DA:7,1
DA:8,1
DA:9,1
DA:11,1
DA:12,1
DA:16,1
DA:17,1
DA:21,1
DA:22,1
DA:23,1
DA:24,1
DA:27,1
DA:28,1
DA:32,1
DA:33,0
DA:34,0
DA:38,1
DA:39,3
DA:40,3
DA:41,3
DA:42,3
DA:43,3
DA:46,3
DA:47,3
DA:48,3
DA:49,3
DA:59,3
DA:60,0
DA:63,3
DA:69,3
DA:70,3
DA:73,0
DA:78,0
DA:80,3
DA:83,1
DA:84,0
DA:85,0
DA:86,0
DA:94,0
DA:95,0
DA:96,0
DA:98,0
DA:99,0
DA:107,0
DA:108,0
DA:114,0
DA:118,1
DA:119,0
DA:122,0
DA:125,1
DA:126,0
DA:130,0
DA:134,1
DA:135,0
DA:136,0
DA:137,0
DA:138,0
DA:139,0
DA:143,0
DA:145,0
DA:148,0
DA:152,1
DA:154,0
DA:155,0
DA:158,1
LF:71
LH:41
BRDA:28,0,0,0
BRDA:28,0,1,1
BRDA:32,1,0,0
BRDA:32,1,1,1
BRDA:46,2,0,3
BRDA:46,2,1,0
BRDA:59,3,0,0
BRDA:59,3,1,3
BRDA:59,4,0,3
BRDA:59,4,1,3
BRDA:59,4,2,2
BRDA:59,4,3,2
BRDA:108,5,0,0
BRDA:108,5,1,0
BRDA:120,6,0,0
BRDA:120,6,1,0
BRDA:127,7,0,0
BRDA:127,7,1,0
BRDA:138,8,0,0
BRDA:138,8,1,0
BRDA:154,9,0,0
BRDA:154,9,1,0
BRF:22
BRH:8
end_of_record
TN:
SF:C:\Users\AlexChu\projecteve\sprint3eve\server\cron.js
FN:5,(anonymous_0)
FN:8,(anonymous_1)
FNF:2
FNH:0
FNDA:0,(anonymous_0)
FNDA:0,(anonymous_1)
DA:1,1
DA:2,1
DA:4,1
DA:6,0
DA:9,0
DA:10,0
LF:6
LH:3
BRF:0
BRH:0
end_of_record
TN:
SF:C:\Users\AlexChu\projecteve\sprint3eve\server\grafana.js
FN:10,(anonymous_0)
FNF:1
FNH:0
FNDA:0,(anonymous_0)
DA:1,1
DA:2,1
DA:3,1
DA:6,1
DA:9,1
DA:11,0
DA:34,0
DA:35,0
DA:37,0
DA:38,0
DA:39,0
DA:40,0
DA:41,0
DA:42,0
DA:43,0
DA:44,0
LF:16
LH:5
BRDA:11,0,0,0
BRDA:11,0,1,0
BRDA:34,1,0,0
BRDA:34,1,1,0
BRDA:35,2,0,0
BRDA:35,2,1,0
BRF:6
BRH:0
end_of_record
